<?xml version="1.0" encoding="UTF-8"?>
<testsuite name="jpabook.jpashop.hello.MemberRepositoryTest" tests="1" skipped="0" failures="0" errors="0" timestamp="2023-01-12T14:07:05" hostname="MacBook-Pro.local" time="0.442">
  <properties/>
  <testcase name="testMember()" classname="jpabook.jpashop.hello.MemberRepositoryTest" time="0.442"/>
  <system-out><![CDATA[23:06:58.933 [Test worker] DEBUG org.springframework.test.context.BootstrapUtils - Instantiating CacheAwareContextLoaderDelegate from class [org.springframework.test.context.cache.DefaultCacheAwareContextLoaderDelegate]
23:06:58.992 [Test worker] DEBUG org.springframework.test.context.BootstrapUtils - Instantiating BootstrapContext using constructor [public org.springframework.test.context.support.DefaultBootstrapContext(java.lang.Class,org.springframework.test.context.CacheAwareContextLoaderDelegate)]
23:06:59.048 [Test worker] DEBUG org.springframework.test.context.BootstrapUtils - Instantiating TestContextBootstrapper for test class [jpabook.jpashop.hello.MemberRepositoryTest] from class [org.springframework.boot.test.context.SpringBootTestContextBootstrapper]
23:06:59.068 [Test worker] INFO org.springframework.boot.test.context.SpringBootTestContextBootstrapper - Neither @ContextConfiguration nor @ContextHierarchy found for test class [jpabook.jpashop.hello.MemberRepositoryTest], using SpringBootContextLoader
23:06:59.073 [Test worker] DEBUG org.springframework.test.context.support.AbstractContextLoader - Did not detect default resource location for test class [jpabook.jpashop.hello.MemberRepositoryTest]: class path resource [jpabook/jpashop/hello/MemberRepositoryTest-context.xml] does not exist
23:06:59.074 [Test worker] DEBUG org.springframework.test.context.support.AbstractContextLoader - Did not detect default resource location for test class [jpabook.jpashop.hello.MemberRepositoryTest]: class path resource [jpabook/jpashop/hello/MemberRepositoryTestContext.groovy] does not exist
23:06:59.074 [Test worker] INFO org.springframework.test.context.support.AbstractContextLoader - Could not detect default resource locations for test class [jpabook.jpashop.hello.MemberRepositoryTest]: no resource found for suffixes {-context.xml, Context.groovy}.
23:06:59.076 [Test worker] INFO org.springframework.test.context.support.AnnotationConfigContextLoaderUtils - Could not detect default configuration classes for test class [jpabook.jpashop.hello.MemberRepositoryTest]: MemberRepositoryTest does not declare any static, non-private, non-final, nested classes annotated with @Configuration.
23:06:59.131 [Test worker] DEBUG org.springframework.test.context.support.ActiveProfilesUtils - Could not find an 'annotation declaring class' for annotation type [org.springframework.test.context.ActiveProfiles] and class [jpabook.jpashop.hello.MemberRepositoryTest]
23:06:59.230 [Test worker] DEBUG org.springframework.context.annotation.ClassPathScanningCandidateComponentProvider - Identified candidate component class: file [/Users/igor/Desktop/workspace/study-jpa/boot-jpa-inflearn/build/classes/java/main/jpabook/jpashop/JpashopApplication.class]
23:06:59.234 [Test worker] INFO org.springframework.boot.test.context.SpringBootTestContextBootstrapper - Found @SpringBootConfiguration jpabook.jpashop.JpashopApplication for test class jpabook.jpashop.hello.MemberRepositoryTest
23:06:59.335 [Test worker] DEBUG org.springframework.boot.test.context.SpringBootTestContextBootstrapper - @TestExecutionListeners is not present for class [jpabook.jpashop.hello.MemberRepositoryTest]: using defaults.
23:06:59.345 [Test worker] INFO org.springframework.boot.test.context.SpringBootTestContextBootstrapper - Loaded default TestExecutionListener class names from location [META-INF/spring.factories]: [org.springframework.boot.test.autoconfigure.restdocs.RestDocsTestExecutionListener, org.springframework.boot.test.autoconfigure.web.client.MockRestServiceServerResetTestExecutionListener, org.springframework.boot.test.autoconfigure.web.servlet.MockMvcPrintOnlyOnFailureTestExecutionListener, org.springframework.boot.test.autoconfigure.web.servlet.WebDriverTestExecutionListener, org.springframework.boot.test.autoconfigure.webservices.client.MockWebServiceServerTestExecutionListener, org.springframework.boot.test.mock.mockito.MockitoTestExecutionListener, org.springframework.boot.test.mock.mockito.ResetMocksTestExecutionListener, org.springframework.test.context.web.ServletTestExecutionListener, org.springframework.test.context.support.DirtiesContextBeforeModesTestExecutionListener, org.springframework.test.context.event.ApplicationEventsTestExecutionListener, org.springframework.test.context.support.DependencyInjectionTestExecutionListener, org.springframework.test.context.support.DirtiesContextTestExecutionListener, org.springframework.test.context.transaction.TransactionalTestExecutionListener, org.springframework.test.context.jdbc.SqlScriptsTestExecutionListener, org.springframework.test.context.event.EventPublishingTestExecutionListener]
23:06:59.400 [Test worker] INFO org.springframework.boot.test.context.SpringBootTestContextBootstrapper - Using TestExecutionListeners: [org.springframework.test.context.web.ServletTestExecutionListener@320e400, org.springframework.test.context.support.DirtiesContextBeforeModesTestExecutionListener@5167268, org.springframework.test.context.event.ApplicationEventsTestExecutionListener@1cfd1875, org.springframework.boot.test.mock.mockito.MockitoTestExecutionListener@28c0b664, org.springframework.boot.test.autoconfigure.SpringBootDependencyInjectionTestExecutionListener@2c444798, org.springframework.test.context.support.DirtiesContextTestExecutionListener@1af7f54a, org.springframework.test.context.transaction.TransactionalTestExecutionListener@6ebd78d1, org.springframework.test.context.jdbc.SqlScriptsTestExecutionListener@436390f4, org.springframework.test.context.event.EventPublishingTestExecutionListener@4d157787, org.springframework.boot.test.autoconfigure.restdocs.RestDocsTestExecutionListener@68ed96ca, org.springframework.boot.test.autoconfigure.web.client.MockRestServiceServerResetTestExecutionListener@6d1310f6, org.springframework.boot.test.autoconfigure.web.servlet.MockMvcPrintOnlyOnFailureTestExecutionListener@3228d990, org.springframework.boot.test.autoconfigure.web.servlet.WebDriverTestExecutionListener@54e7391d, org.springframework.boot.test.autoconfigure.webservices.client.MockWebServiceServerTestExecutionListener@50b8ae8d, org.springframework.boot.test.mock.mockito.ResetMocksTestExecutionListener@255990cc]
23:06:59.407 [Test worker] DEBUG org.springframework.test.context.support.AbstractDirtiesContextTestExecutionListener - Before test class: context [DefaultTestContext@ea27e34 testClass = MemberRepositoryTest, testInstance = [null], testMethod = [null], testException = [null], mergedContextConfiguration = [WebMergedContextConfiguration@33a2499c testClass = MemberRepositoryTest, locations = '{}', classes = '{class jpabook.jpashop.JpashopApplication}', contextInitializerClasses = '[]', activeProfiles = '{}', propertySourceLocations = '{}', propertySourceProperties = '{org.springframework.boot.test.context.SpringBootTestContextBootstrapper=true}', contextCustomizers = set[org.springframework.boot.test.autoconfigure.actuate.metrics.MetricsExportContextCustomizerFactory$DisableMetricExportContextCustomizer@1cbf6e72, org.springframework.boot.test.autoconfigure.properties.PropertyMappingContextCustomizer@0, org.springframework.boot.test.autoconfigure.web.servlet.WebDriverContextCustomizerFactory$Customizer@56a4479a, org.springframework.boot.test.context.filter.ExcludeFilterContextCustomizer@4504d271, org.springframework.boot.test.json.DuplicateJsonObjectContextCustomizerFactory$DuplicateJsonObjectContextCustomizer@2b5825fa, org.springframework.boot.test.mock.mockito.MockitoContextCustomizer@0, org.springframework.boot.test.web.client.TestRestTemplateContextCustomizer@42f48531, org.springframework.boot.test.context.SpringBootTestArgs@1, org.springframework.boot.test.context.SpringBootTestWebEnvironment@3cce57c7], resourceBasePath = 'src/main/webapp', contextLoader = 'org.springframework.boot.test.context.SpringBootContextLoader', parent = [null]], attributes = map['org.springframework.test.context.web.ServletTestExecutionListener.activateListener' -> true]], class annotated with @DirtiesContext [false] with mode [null].

  .   ____          _            __ _ _
 /\\ / ___'_ __ _ _(_)_ __  __ _ \ \ \ \
( ( )\___ | '_ | '_| | '_ \/ _` | \ \ \ \
 \\/  ___)| |_)| | | | | || (_| |  ) ) ) )
  '  |____| .__|_| |_|_| |_\__, | / / / /
 =========|_|==============|___/=/_/_/_/
 :: Spring Boot ::                (v2.7.7)

2023-01-12 23:07:00.078  INFO 17451 --- [    Test worker] j.jpashop.hello.MemberRepositoryTest     : Starting MemberRepositoryTest using Java 11.0.11 on MacBook-Pro.local with PID 17451 (started by igor in /Users/igor/Desktop/workspace/study-jpa/boot-jpa-inflearn)
2023-01-12 23:07:00.080  INFO 17451 --- [    Test worker] j.jpashop.hello.MemberRepositoryTest     : No active profile set, falling back to 1 default profile: "default"
2023-01-12 23:07:01.497  INFO 17451 --- [    Test worker] .s.d.r.c.RepositoryConfigurationDelegate : Bootstrapping Spring Data JPA repositories in DEFAULT mode.
2023-01-12 23:07:01.524  INFO 17451 --- [    Test worker] .s.d.r.c.RepositoryConfigurationDelegate : Finished Spring Data repository scanning in 17 ms. Found 0 JPA repository interfaces.
2023-01-12 23:07:02.546  INFO 17451 --- [    Test worker] o.hibernate.jpa.internal.util.LogHelper  : HHH000204: Processing PersistenceUnitInfo [name: default]
2023-01-12 23:07:02.596  INFO 17451 --- [    Test worker] org.hibernate.Version                    : HHH000412: Hibernate ORM core version 5.6.14.Final
2023-01-12 23:07:02.780  INFO 17451 --- [    Test worker] o.hibernate.annotations.common.Version   : HCANN000001: Hibernate Commons Annotations {5.1.2.Final}
2023-01-12 23:07:02.807 DEBUG 17451 --- [    Test worker] org.hibernate.type.BasicTypeRegistry     : Adding type registration boolean -> org.hibernate.type.BooleanType@6ee37ca7
2023-01-12 23:07:02.808 DEBUG 17451 --- [    Test worker] org.hibernate.type.BasicTypeRegistry     : Adding type registration boolean -> org.hibernate.type.BooleanType@6ee37ca7
2023-01-12 23:07:02.808 DEBUG 17451 --- [    Test worker] org.hibernate.type.BasicTypeRegistry     : Adding type registration java.lang.Boolean -> org.hibernate.type.BooleanType@6ee37ca7
2023-01-12 23:07:02.808 DEBUG 17451 --- [    Test worker] org.hibernate.type.BasicTypeRegistry     : Adding type registration numeric_boolean -> org.hibernate.type.NumericBooleanType@3dea226b
2023-01-12 23:07:02.809 DEBUG 17451 --- [    Test worker] org.hibernate.type.BasicTypeRegistry     : Adding type registration true_false -> org.hibernate.type.TrueFalseType@13d289c7
2023-01-12 23:07:02.809 DEBUG 17451 --- [    Test worker] org.hibernate.type.BasicTypeRegistry     : Adding type registration yes_no -> org.hibernate.type.YesNoType@54a056e4
2023-01-12 23:07:02.810 DEBUG 17451 --- [    Test worker] org.hibernate.type.BasicTypeRegistry     : Adding type registration byte -> org.hibernate.type.ByteType@3407aa4f
2023-01-12 23:07:02.810 DEBUG 17451 --- [    Test worker] org.hibernate.type.BasicTypeRegistry     : Adding type registration byte -> org.hibernate.type.ByteType@3407aa4f
2023-01-12 23:07:02.810 DEBUG 17451 --- [    Test worker] org.hibernate.type.BasicTypeRegistry     : Adding type registration java.lang.Byte -> org.hibernate.type.ByteType@3407aa4f
2023-01-12 23:07:02.811 DEBUG 17451 --- [    Test worker] org.hibernate.type.BasicTypeRegistry     : Adding type registration character -> org.hibernate.type.CharacterType@748904e8
2023-01-12 23:07:02.812 DEBUG 17451 --- [    Test worker] org.hibernate.type.BasicTypeRegistry     : Adding type registration char -> org.hibernate.type.CharacterType@748904e8
2023-01-12 23:07:02.812 DEBUG 17451 --- [    Test worker] org.hibernate.type.BasicTypeRegistry     : Adding type registration java.lang.Character -> org.hibernate.type.CharacterType@748904e8
2023-01-12 23:07:02.813 DEBUG 17451 --- [    Test worker] org.hibernate.type.BasicTypeRegistry     : Adding type registration short -> org.hibernate.type.ShortType@4f235e8e
2023-01-12 23:07:02.815 DEBUG 17451 --- [    Test worker] org.hibernate.type.BasicTypeRegistry     : Adding type registration short -> org.hibernate.type.ShortType@4f235e8e
2023-01-12 23:07:02.815 DEBUG 17451 --- [    Test worker] org.hibernate.type.BasicTypeRegistry     : Adding type registration java.lang.Short -> org.hibernate.type.ShortType@4f235e8e
2023-01-12 23:07:02.816 DEBUG 17451 --- [    Test worker] org.hibernate.type.BasicTypeRegistry     : Adding type registration integer -> org.hibernate.type.IntegerType@7d8b66d9
2023-01-12 23:07:02.817 DEBUG 17451 --- [    Test worker] org.hibernate.type.BasicTypeRegistry     : Adding type registration int -> org.hibernate.type.IntegerType@7d8b66d9
2023-01-12 23:07:02.818 DEBUG 17451 --- [    Test worker] org.hibernate.type.BasicTypeRegistry     : Adding type registration java.lang.Integer -> org.hibernate.type.IntegerType@7d8b66d9
2023-01-12 23:07:02.819 DEBUG 17451 --- [    Test worker] org.hibernate.type.BasicTypeRegistry     : Adding type registration long -> org.hibernate.type.LongType@67e77f52
2023-01-12 23:07:02.819 DEBUG 17451 --- [    Test worker] org.hibernate.type.BasicTypeRegistry     : Adding type registration long -> org.hibernate.type.LongType@67e77f52
2023-01-12 23:07:02.820 DEBUG 17451 --- [    Test worker] org.hibernate.type.BasicTypeRegistry     : Adding type registration java.lang.Long -> org.hibernate.type.LongType@67e77f52
2023-01-12 23:07:02.820 DEBUG 17451 --- [    Test worker] org.hibernate.type.BasicTypeRegistry     : Adding type registration float -> org.hibernate.type.FloatType@1a785fd5
2023-01-12 23:07:02.821 DEBUG 17451 --- [    Test worker] org.hibernate.type.BasicTypeRegistry     : Adding type registration float -> org.hibernate.type.FloatType@1a785fd5
2023-01-12 23:07:02.821 DEBUG 17451 --- [    Test worker] org.hibernate.type.BasicTypeRegistry     : Adding type registration java.lang.Float -> org.hibernate.type.FloatType@1a785fd5
2023-01-12 23:07:02.821 DEBUG 17451 --- [    Test worker] org.hibernate.type.BasicTypeRegistry     : Adding type registration double -> org.hibernate.type.DoubleType@5cf0673d
2023-01-12 23:07:02.822 DEBUG 17451 --- [    Test worker] org.hibernate.type.BasicTypeRegistry     : Adding type registration double -> org.hibernate.type.DoubleType@5cf0673d
2023-01-12 23:07:02.822 DEBUG 17451 --- [    Test worker] org.hibernate.type.BasicTypeRegistry     : Adding type registration java.lang.Double -> org.hibernate.type.DoubleType@5cf0673d
2023-01-12 23:07:02.822 DEBUG 17451 --- [    Test worker] org.hibernate.type.BasicTypeRegistry     : Adding type registration big_decimal -> org.hibernate.type.BigDecimalType@8f39224
2023-01-12 23:07:02.823 DEBUG 17451 --- [    Test worker] org.hibernate.type.BasicTypeRegistry     : Adding type registration java.math.BigDecimal -> org.hibernate.type.BigDecimalType@8f39224
2023-01-12 23:07:02.823 DEBUG 17451 --- [    Test worker] org.hibernate.type.BasicTypeRegistry     : Adding type registration big_integer -> org.hibernate.type.BigIntegerType@2b9e69fb
2023-01-12 23:07:02.823 DEBUG 17451 --- [    Test worker] org.hibernate.type.BasicTypeRegistry     : Adding type registration java.math.BigInteger -> org.hibernate.type.BigIntegerType@2b9e69fb
2023-01-12 23:07:02.825 DEBUG 17451 --- [    Test worker] org.hibernate.type.BasicTypeRegistry     : Adding type registration string -> org.hibernate.type.StringType@5a85b4e6
2023-01-12 23:07:02.825 DEBUG 17451 --- [    Test worker] org.hibernate.type.BasicTypeRegistry     : Adding type registration java.lang.String -> org.hibernate.type.StringType@5a85b4e6
2023-01-12 23:07:02.825 DEBUG 17451 --- [    Test worker] org.hibernate.type.BasicTypeRegistry     : Adding type registration nstring -> org.hibernate.type.StringNVarcharType@2b9aeedb
2023-01-12 23:07:02.826 DEBUG 17451 --- [    Test worker] org.hibernate.type.BasicTypeRegistry     : Adding type registration ncharacter -> org.hibernate.type.CharacterNCharType@790ac3e0
2023-01-12 23:07:02.827 DEBUG 17451 --- [    Test worker] org.hibernate.type.BasicTypeRegistry     : Adding type registration url -> org.hibernate.type.UrlType@5e69cf07
2023-01-12 23:07:02.827 DEBUG 17451 --- [    Test worker] org.hibernate.type.BasicTypeRegistry     : Adding type registration java.net.URL -> org.hibernate.type.UrlType@5e69cf07
2023-01-12 23:07:02.828 DEBUG 17451 --- [    Test worker] org.hibernate.type.BasicTypeRegistry     : Adding type registration Duration -> org.hibernate.type.DurationType@4e4f4092
2023-01-12 23:07:02.828 DEBUG 17451 --- [    Test worker] org.hibernate.type.BasicTypeRegistry     : Adding type registration java.time.Duration -> org.hibernate.type.DurationType@4e4f4092
2023-01-12 23:07:02.829 DEBUG 17451 --- [    Test worker] org.hibernate.type.BasicTypeRegistry     : Adding type registration Instant -> org.hibernate.type.InstantType@70c491b8
2023-01-12 23:07:02.829 DEBUG 17451 --- [    Test worker] org.hibernate.type.BasicTypeRegistry     : Adding type registration java.time.Instant -> org.hibernate.type.InstantType@70c491b8
2023-01-12 23:07:02.831 DEBUG 17451 --- [    Test worker] org.hibernate.type.BasicTypeRegistry     : Adding type registration LocalDateTime -> org.hibernate.type.LocalDateTimeType@1b3a9ef4
2023-01-12 23:07:02.831 DEBUG 17451 --- [    Test worker] org.hibernate.type.BasicTypeRegistry     : Adding type registration java.time.LocalDateTime -> org.hibernate.type.LocalDateTimeType@1b3a9ef4
2023-01-12 23:07:02.832 DEBUG 17451 --- [    Test worker] org.hibernate.type.BasicTypeRegistry     : Adding type registration LocalDate -> org.hibernate.type.LocalDateType@6def0632
2023-01-12 23:07:02.832 DEBUG 17451 --- [    Test worker] org.hibernate.type.BasicTypeRegistry     : Adding type registration java.time.LocalDate -> org.hibernate.type.LocalDateType@6def0632
2023-01-12 23:07:02.832 DEBUG 17451 --- [    Test worker] org.hibernate.type.BasicTypeRegistry     : Adding type registration LocalTime -> org.hibernate.type.LocalTimeType@5e98032e
2023-01-12 23:07:02.832 DEBUG 17451 --- [    Test worker] org.hibernate.type.BasicTypeRegistry     : Adding type registration java.time.LocalTime -> org.hibernate.type.LocalTimeType@5e98032e
2023-01-12 23:07:02.833 DEBUG 17451 --- [    Test worker] org.hibernate.type.BasicTypeRegistry     : Adding type registration OffsetDateTime -> org.hibernate.type.OffsetDateTimeType@14a1769d
2023-01-12 23:07:02.833 DEBUG 17451 --- [    Test worker] org.hibernate.type.BasicTypeRegistry     : Adding type registration java.time.OffsetDateTime -> org.hibernate.type.OffsetDateTimeType@14a1769d
2023-01-12 23:07:02.834 DEBUG 17451 --- [    Test worker] org.hibernate.type.BasicTypeRegistry     : Adding type registration OffsetTime -> org.hibernate.type.OffsetTimeType@60dcf9ec
2023-01-12 23:07:02.837 DEBUG 17451 --- [    Test worker] org.hibernate.type.BasicTypeRegistry     : Adding type registration java.time.OffsetTime -> org.hibernate.type.OffsetTimeType@60dcf9ec
2023-01-12 23:07:02.838 DEBUG 17451 --- [    Test worker] org.hibernate.type.BasicTypeRegistry     : Adding type registration ZonedDateTime -> org.hibernate.type.ZonedDateTimeType@18907af2
2023-01-12 23:07:02.839 DEBUG 17451 --- [    Test worker] org.hibernate.type.BasicTypeRegistry     : Adding type registration java.time.ZonedDateTime -> org.hibernate.type.ZonedDateTimeType@18907af2
2023-01-12 23:07:02.839 DEBUG 17451 --- [    Test worker] org.hibernate.type.BasicTypeRegistry     : Adding type registration date -> org.hibernate.type.DateType@3957d88b
2023-01-12 23:07:02.840 DEBUG 17451 --- [    Test worker] org.hibernate.type.BasicTypeRegistry     : Adding type registration java.sql.Date -> org.hibernate.type.DateType@3957d88b
2023-01-12 23:07:02.841 DEBUG 17451 --- [    Test worker] org.hibernate.type.BasicTypeRegistry     : Adding type registration time -> org.hibernate.type.TimeType@5ce3409b
2023-01-12 23:07:02.842 DEBUG 17451 --- [    Test worker] org.hibernate.type.BasicTypeRegistry     : Adding type registration java.sql.Time -> org.hibernate.type.TimeType@5ce3409b
2023-01-12 23:07:02.842 DEBUG 17451 --- [    Test worker] org.hibernate.type.BasicTypeRegistry     : Adding type registration timestamp -> org.hibernate.type.TimestampType@4d0e1a9a
2023-01-12 23:07:02.842 DEBUG 17451 --- [    Test worker] org.hibernate.type.BasicTypeRegistry     : Adding type registration java.sql.Timestamp -> org.hibernate.type.TimestampType@4d0e1a9a
2023-01-12 23:07:02.843 DEBUG 17451 --- [    Test worker] org.hibernate.type.BasicTypeRegistry     : Adding type registration java.util.Date -> org.hibernate.type.TimestampType@4d0e1a9a
2023-01-12 23:07:02.844 DEBUG 17451 --- [    Test worker] org.hibernate.type.BasicTypeRegistry     : Adding type registration dbtimestamp -> org.hibernate.type.DbTimestampType@6b3d9c38
2023-01-12 23:07:02.846 DEBUG 17451 --- [    Test worker] org.hibernate.type.BasicTypeRegistry     : Adding type registration calendar -> org.hibernate.type.CalendarType@70f4f89e
2023-01-12 23:07:02.846 DEBUG 17451 --- [    Test worker] org.hibernate.type.BasicTypeRegistry     : Adding type registration java.util.Calendar -> org.hibernate.type.CalendarType@70f4f89e
2023-01-12 23:07:02.846 DEBUG 17451 --- [    Test worker] org.hibernate.type.BasicTypeRegistry     : Adding type registration java.util.GregorianCalendar -> org.hibernate.type.CalendarType@70f4f89e
2023-01-12 23:07:02.847 DEBUG 17451 --- [    Test worker] org.hibernate.type.BasicTypeRegistry     : Adding type registration calendar_date -> org.hibernate.type.CalendarDateType@3302035b
2023-01-12 23:07:02.848 DEBUG 17451 --- [    Test worker] org.hibernate.type.BasicTypeRegistry     : Adding type registration calendar_time -> org.hibernate.type.CalendarTimeType@21be14c2
2023-01-12 23:07:02.849 DEBUG 17451 --- [    Test worker] org.hibernate.type.BasicTypeRegistry     : Adding type registration locale -> org.hibernate.type.LocaleType@22b82ddf
2023-01-12 23:07:02.853 DEBUG 17451 --- [    Test worker] org.hibernate.type.BasicTypeRegistry     : Adding type registration java.util.Locale -> org.hibernate.type.LocaleType@22b82ddf
2023-01-12 23:07:02.858 DEBUG 17451 --- [    Test worker] org.hibernate.type.BasicTypeRegistry     : Adding type registration currency -> org.hibernate.type.CurrencyType@2de3b052
2023-01-12 23:07:02.858 DEBUG 17451 --- [    Test worker] org.hibernate.type.BasicTypeRegistry     : Adding type registration java.util.Currency -> org.hibernate.type.CurrencyType@2de3b052
2023-01-12 23:07:02.859 DEBUG 17451 --- [    Test worker] org.hibernate.type.BasicTypeRegistry     : Adding type registration timezone -> org.hibernate.type.TimeZoneType@b3857e2
2023-01-12 23:07:02.859 DEBUG 17451 --- [    Test worker] org.hibernate.type.BasicTypeRegistry     : Adding type registration java.util.TimeZone -> org.hibernate.type.TimeZoneType@b3857e2
2023-01-12 23:07:02.860 DEBUG 17451 --- [    Test worker] org.hibernate.type.BasicTypeRegistry     : Adding type registration class -> org.hibernate.type.ClassType@5dfd31f4
2023-01-12 23:07:02.863 DEBUG 17451 --- [    Test worker] org.hibernate.type.BasicTypeRegistry     : Adding type registration java.lang.Class -> org.hibernate.type.ClassType@5dfd31f4
2023-01-12 23:07:02.864 DEBUG 17451 --- [    Test worker] org.hibernate.type.BasicTypeRegistry     : Adding type registration uuid-binary -> org.hibernate.type.UUIDBinaryType@25ae1f80
2023-01-12 23:07:02.865 DEBUG 17451 --- [    Test worker] org.hibernate.type.BasicTypeRegistry     : Adding type registration java.util.UUID -> org.hibernate.type.UUIDBinaryType@25ae1f80
2023-01-12 23:07:02.865 DEBUG 17451 --- [    Test worker] org.hibernate.type.BasicTypeRegistry     : Adding type registration uuid-char -> org.hibernate.type.UUIDCharType@305552d6
2023-01-12 23:07:02.866 DEBUG 17451 --- [    Test worker] org.hibernate.type.BasicTypeRegistry     : Adding type registration binary -> org.hibernate.type.BinaryType@100d0218
2023-01-12 23:07:02.867 DEBUG 17451 --- [    Test worker] org.hibernate.type.BasicTypeRegistry     : Adding type registration byte[] -> org.hibernate.type.BinaryType@100d0218
2023-01-12 23:07:02.867 DEBUG 17451 --- [    Test worker] org.hibernate.type.BasicTypeRegistry     : Adding type registration [B -> org.hibernate.type.BinaryType@100d0218
2023-01-12 23:07:02.867 DEBUG 17451 --- [    Test worker] org.hibernate.type.BasicTypeRegistry     : Adding type registration wrapper-binary -> org.hibernate.type.WrapperBinaryType@61ab6521
2023-01-12 23:07:02.867 DEBUG 17451 --- [    Test worker] org.hibernate.type.BasicTypeRegistry     : Adding type registration Byte[] -> org.hibernate.type.WrapperBinaryType@61ab6521
2023-01-12 23:07:02.867 DEBUG 17451 --- [    Test worker] org.hibernate.type.BasicTypeRegistry     : Adding type registration [Ljava.lang.Byte; -> org.hibernate.type.WrapperBinaryType@61ab6521
2023-01-12 23:07:02.868 DEBUG 17451 --- [    Test worker] org.hibernate.type.BasicTypeRegistry     : Adding type registration row_version -> org.hibernate.type.RowVersionType@510da778
2023-01-12 23:07:02.868 DEBUG 17451 --- [    Test worker] org.hibernate.type.BasicTypeRegistry     : Adding type registration image -> org.hibernate.type.ImageType@6546371
2023-01-12 23:07:02.869 DEBUG 17451 --- [    Test worker] org.hibernate.type.BasicTypeRegistry     : Adding type registration characters -> org.hibernate.type.CharArrayType@dd737ea
2023-01-12 23:07:02.869 DEBUG 17451 --- [    Test worker] org.hibernate.type.BasicTypeRegistry     : Adding type registration char[] -> org.hibernate.type.CharArrayType@dd737ea
2023-01-12 23:07:02.869 DEBUG 17451 --- [    Test worker] org.hibernate.type.BasicTypeRegistry     : Adding type registration [C -> org.hibernate.type.CharArrayType@dd737ea
2023-01-12 23:07:02.870 DEBUG 17451 --- [    Test worker] org.hibernate.type.BasicTypeRegistry     : Adding type registration wrapper-characters -> org.hibernate.type.CharacterArrayType@64910b2d
2023-01-12 23:07:02.870 DEBUG 17451 --- [    Test worker] org.hibernate.type.BasicTypeRegistry     : Adding type registration [Ljava.lang.Character; -> org.hibernate.type.CharacterArrayType@64910b2d
2023-01-12 23:07:02.870 DEBUG 17451 --- [    Test worker] org.hibernate.type.BasicTypeRegistry     : Adding type registration Character[] -> org.hibernate.type.CharacterArrayType@64910b2d
2023-01-12 23:07:02.871 DEBUG 17451 --- [    Test worker] org.hibernate.type.BasicTypeRegistry     : Adding type registration text -> org.hibernate.type.TextType@334540a0
2023-01-12 23:07:02.871 DEBUG 17451 --- [    Test worker] org.hibernate.type.BasicTypeRegistry     : Adding type registration ntext -> org.hibernate.type.NTextType@42aa1324
2023-01-12 23:07:02.873 DEBUG 17451 --- [    Test worker] org.hibernate.type.BasicTypeRegistry     : Adding type registration blob -> org.hibernate.type.BlobType@72eed547
2023-01-12 23:07:02.873 DEBUG 17451 --- [    Test worker] org.hibernate.type.BasicTypeRegistry     : Adding type registration java.sql.Blob -> org.hibernate.type.BlobType@72eed547
2023-01-12 23:07:02.873 DEBUG 17451 --- [    Test worker] org.hibernate.type.BasicTypeRegistry     : Adding type registration materialized_blob -> org.hibernate.type.MaterializedBlobType@6c96403e
2023-01-12 23:07:02.874 DEBUG 17451 --- [    Test worker] org.hibernate.type.BasicTypeRegistry     : Adding type registration clob -> org.hibernate.type.ClobType@d0b814d
2023-01-12 23:07:02.875 DEBUG 17451 --- [    Test worker] org.hibernate.type.BasicTypeRegistry     : Adding type registration java.sql.Clob -> org.hibernate.type.ClobType@d0b814d
2023-01-12 23:07:02.876 DEBUG 17451 --- [    Test worker] org.hibernate.type.BasicTypeRegistry     : Adding type registration nclob -> org.hibernate.type.NClobType@505d2bac
2023-01-12 23:07:02.876 DEBUG 17451 --- [    Test worker] org.hibernate.type.BasicTypeRegistry     : Adding type registration java.sql.NClob -> org.hibernate.type.NClobType@505d2bac
2023-01-12 23:07:02.876 DEBUG 17451 --- [    Test worker] org.hibernate.type.BasicTypeRegistry     : Adding type registration materialized_clob -> org.hibernate.type.MaterializedClobType@74f4a2ba
2023-01-12 23:07:02.876 DEBUG 17451 --- [    Test worker] org.hibernate.type.BasicTypeRegistry     : Adding type registration materialized_nclob -> org.hibernate.type.MaterializedNClobType@14ed7ddf
2023-01-12 23:07:02.882 DEBUG 17451 --- [    Test worker] org.hibernate.type.BasicTypeRegistry     : Adding type registration serializable -> org.hibernate.type.SerializableType@6fd1ea75
2023-01-12 23:07:02.888 DEBUG 17451 --- [    Test worker] org.hibernate.type.BasicTypeRegistry     : Adding type registration object -> org.hibernate.type.ObjectType@6c6c2a73
2023-01-12 23:07:02.890 DEBUG 17451 --- [    Test worker] org.hibernate.type.BasicTypeRegistry     : Adding type registration java.lang.Object -> org.hibernate.type.ObjectType@6c6c2a73
2023-01-12 23:07:02.891 DEBUG 17451 --- [    Test worker] org.hibernate.type.BasicTypeRegistry     : Adding type registration imm_date -> org.hibernate.type.AdaptedImmutableType@590013c7
2023-01-12 23:07:02.891 DEBUG 17451 --- [    Test worker] org.hibernate.type.BasicTypeRegistry     : Adding type registration imm_time -> org.hibernate.type.AdaptedImmutableType@64f32e9e
2023-01-12 23:07:02.891 DEBUG 17451 --- [    Test worker] org.hibernate.type.BasicTypeRegistry     : Adding type registration imm_timestamp -> org.hibernate.type.AdaptedImmutableType@7b211077
2023-01-12 23:07:02.891 DEBUG 17451 --- [    Test worker] org.hibernate.type.BasicTypeRegistry     : Adding type registration imm_dbtimestamp -> org.hibernate.type.AdaptedImmutableType@3b770d07
2023-01-12 23:07:02.892 DEBUG 17451 --- [    Test worker] org.hibernate.type.BasicTypeRegistry     : Adding type registration imm_calendar -> org.hibernate.type.AdaptedImmutableType@62b0bf85
2023-01-12 23:07:02.892 DEBUG 17451 --- [    Test worker] org.hibernate.type.BasicTypeRegistry     : Adding type registration imm_calendar_date -> org.hibernate.type.AdaptedImmutableType@1fcaea93
2023-01-12 23:07:02.892 DEBUG 17451 --- [    Test worker] org.hibernate.type.BasicTypeRegistry     : Adding type registration imm_binary -> org.hibernate.type.AdaptedImmutableType@6c9bf3b5
2023-01-12 23:07:02.892 DEBUG 17451 --- [    Test worker] org.hibernate.type.BasicTypeRegistry     : Adding type registration imm_serializable -> org.hibernate.type.AdaptedImmutableType@6f07d414
2023-01-12 23:07:02.956  INFO 17451 --- [    Test worker] com.zaxxer.hikari.HikariDataSource       : HikariPool-1 - Starting...
2023-01-12 23:07:03.077  INFO 17451 --- [    Test worker] com.zaxxer.hikari.HikariDataSource       : HikariPool-1 - Start completed.
2023-01-12 23:07:03.109  INFO 17451 --- [    Test worker] org.hibernate.dialect.Dialect            : HHH000400: Using dialect: org.hibernate.dialect.H2Dialect
2023-01-12 23:07:03.188 DEBUG 17451 --- [    Test worker] o.h.type.spi.TypeConfiguration$Scope     : Scoping TypeConfiguration [org.hibernate.type.spi.TypeConfiguration@2aac8ad7] to MetadataBuildingContext [org.hibernate.boot.internal.MetadataBuildingContextRootImpl@6a4a2090]
2023-01-12 23:07:03.465 DEBUG 17451 --- [    Test worker] o.h.type.spi.TypeConfiguration$Scope     : Scoping TypeConfiguration [org.hibernate.type.spi.TypeConfiguration@2aac8ad7] to SessionFactoryImpl [org.hibernate.internal.SessionFactoryImpl@8d29719]
2023-01-12 23:07:03.847 DEBUG 17451 --- [    Test worker] org.hibernate.SQL                        : 
    
    drop table if exists member CASCADE 
Hibernate: 
    
    drop table if exists member CASCADE 
2023-01-12 23:07:03.867  INFO 17451 --- [    Test worker] p6spy                                    : #1673532423867 | took 6ms | statement | connection 1| url jdbc:h2:tcp://localhost/~/jpashop

    drop table if exists member CASCADE 

    drop table if exists member CASCADE ;
2023-01-12 23:07:03.868 DEBUG 17451 --- [    Test worker] org.hibernate.SQL                        : 
    
    drop sequence if exists hibernate_sequence
Hibernate: 
    
    drop sequence if exists hibernate_sequence
2023-01-12 23:07:03.873  INFO 17451 --- [    Test worker] p6spy                                    : #1673532423873 | took 5ms | statement | connection 1| url jdbc:h2:tcp://localhost/~/jpashop

    drop sequence if exists hibernate_sequence

    drop sequence if exists hibernate_sequence;
2023-01-12 23:07:03.876 DEBUG 17451 --- [    Test worker] org.hibernate.SQL                        : create sequence hibernate_sequence start with 1 increment by 1
Hibernate: create sequence hibernate_sequence start with 1 increment by 1
2023-01-12 23:07:03.878  INFO 17451 --- [    Test worker] p6spy                                    : #1673532423878 | took 1ms | statement | connection 2| url jdbc:h2:tcp://localhost/~/jpashop
create sequence hibernate_sequence start with 1 increment by 1
create sequence hibernate_sequence start with 1 increment by 1;
2023-01-12 23:07:03.879 DEBUG 17451 --- [    Test worker] org.hibernate.SQL                        : 
    
    create table member (
       id bigint not null,
        username varchar(255),
        primary key (id)
    )
Hibernate: 
    
    create table member (
       id bigint not null,
        username varchar(255),
        primary key (id)
    )
2023-01-12 23:07:03.883  INFO 17451 --- [    Test worker] p6spy                                    : #1673532423883 | took 4ms | statement | connection 2| url jdbc:h2:tcp://localhost/~/jpashop

    create table member (
       id bigint not null,
        username varchar(255),
        primary key (id)
    )

    create table member (
       id bigint not null,
        username varchar(255),
        primary key (id)
    );
2023-01-12 23:07:03.890  INFO 17451 --- [    Test worker] o.h.e.t.j.p.i.JtaPlatformInitiator       : HHH000490: Using JtaPlatform implementation: [org.hibernate.engine.transaction.jta.platform.internal.NoJtaPlatform]
2023-01-12 23:07:03.897 TRACE 17451 --- [    Test worker] o.h.type.spi.TypeConfiguration$Scope     : Handling #sessionFactoryCreated from [org.hibernate.internal.SessionFactoryImpl@8d29719] for TypeConfiguration
2023-01-12 23:07:03.899  INFO 17451 --- [    Test worker] j.LocalContainerEntityManagerFactoryBean : Initialized JPA EntityManagerFactory for persistence unit 'default'
2023-01-12 23:07:04.433  WARN 17451 --- [    Test worker] JpaBaseConfiguration$JpaWebConfiguration : spring.jpa.open-in-view is enabled by default. Therefore, database queries may be performed during view rendering. Explicitly configure spring.jpa.open-in-view to disable this warning
2023-01-12 23:07:04.810  INFO 17451 --- [    Test worker] o.s.b.a.w.s.WelcomePageHandlerMapping    : Adding welcome page: class path resource [static/index.html]
2023-01-12 23:07:05.355  INFO 17451 --- [    Test worker] j.jpashop.hello.MemberRepositoryTest     : Started MemberRepositoryTest in 5.883 seconds (JVM running for 7.732)
2023-01-12 23:07:05.459  INFO 17451 --- [    Test worker] o.s.t.c.transaction.TransactionContext   : Began transaction (1) for test context [DefaultTestContext@ea27e34 testClass = MemberRepositoryTest, testInstance = jpabook.jpashop.hello.MemberRepositoryTest@6ac4f31d, testMethod = testMember@MemberRepositoryTest, testException = [null], mergedContextConfiguration = [WebMergedContextConfiguration@33a2499c testClass = MemberRepositoryTest, locations = '{}', classes = '{class jpabook.jpashop.JpashopApplication}', contextInitializerClasses = '[]', activeProfiles = '{}', propertySourceLocations = '{}', propertySourceProperties = '{org.springframework.boot.test.context.SpringBootTestContextBootstrapper=true}', contextCustomizers = set[org.springframework.boot.test.autoconfigure.actuate.metrics.MetricsExportContextCustomizerFactory$DisableMetricExportContextCustomizer@1cbf6e72, org.springframework.boot.test.autoconfigure.properties.PropertyMappingContextCustomizer@0, org.springframework.boot.test.autoconfigure.web.servlet.WebDriverContextCustomizerFactory$Customizer@56a4479a, org.springframework.boot.test.context.filter.ExcludeFilterContextCustomizer@4504d271, org.springframework.boot.test.json.DuplicateJsonObjectContextCustomizerFactory$DuplicateJsonObjectContextCustomizer@2b5825fa, org.springframework.boot.test.mock.mockito.MockitoContextCustomizer@0, org.springframework.boot.test.web.client.TestRestTemplateContextCustomizer@42f48531, org.springframework.boot.test.context.SpringBootTestArgs@1, org.springframework.boot.test.context.SpringBootTestWebEnvironment@3cce57c7], resourceBasePath = 'src/main/webapp', contextLoader = 'org.springframework.boot.test.context.SpringBootContextLoader', parent = [null]], attributes = map['org.springframework.test.context.web.ServletTestExecutionListener.activateListener' -> true, 'org.springframework.test.context.web.ServletTestExecutionListener.populatedRequestContextHolder' -> true, 'org.springframework.test.context.web.ServletTestExecutionListener.resetRequestContextHolder' -> true, 'org.springframework.test.context.event.ApplicationEventsTestExecutionListener.recordApplicationEvents' -> false]]; transaction manager [org.springframework.orm.jpa.JpaTransactionManager@49770ef9]; rollback [false]
2023-01-12 23:07:05.729 DEBUG 17451 --- [    Test worker] org.hibernate.SQL                        : 
    call next value for hibernate_sequence
Hibernate: 
    call next value for hibernate_sequence
2023-01-12 23:07:05.755  INFO 17451 --- [    Test worker] p6spy                                    : #1673532425755 | took 15ms | statement | connection 3| url jdbc:h2:tcp://localhost/~/jpashop
call next value for hibernate_sequence
call next value for hibernate_sequence;
2023-01-12 23:07:05.806 DEBUG 17451 --- [    Test worker] org.hibernate.SQL                        : 
    insert 
    into
        member
        (username, id) 
    values
        (?, ?)
Hibernate: 
    insert 
    into
        member
        (username, id) 
    values
        (?, ?)
2023-01-12 23:07:05.812 TRACE 17451 --- [    Test worker] o.h.type.descriptor.sql.BasicBinder      : binding parameter [1] as [VARCHAR] - [memberA]
2023-01-12 23:07:05.813 TRACE 17451 --- [    Test worker] o.h.type.descriptor.sql.BasicBinder      : binding parameter [2] as [BIGINT] - [1]
2023-01-12 23:07:05.815  INFO 17451 --- [    Test worker] p6spy                                    : #1673532425814 | took 0ms | statement | connection 3| url jdbc:h2:tcp://localhost/~/jpashop
insert into member (username, id) values (?, ?)
insert into member (username, id) values ('memberA', 1);
2023-01-12 23:07:05.819  INFO 17451 --- [    Test worker] p6spy                                    : #1673532425819 | took 2ms | commit | connection 3| url jdbc:h2:tcp://localhost/~/jpashop

;
2023-01-12 23:07:05.822  INFO 17451 --- [    Test worker] o.s.t.c.transaction.TransactionContext   : Committed transaction for test: [DefaultTestContext@ea27e34 testClass = MemberRepositoryTest, testInstance = jpabook.jpashop.hello.MemberRepositoryTest@6ac4f31d, testMethod = testMember@MemberRepositoryTest, testException = [null], mergedContextConfiguration = [WebMergedContextConfiguration@33a2499c testClass = MemberRepositoryTest, locations = '{}', classes = '{class jpabook.jpashop.JpashopApplication}', contextInitializerClasses = '[]', activeProfiles = '{}', propertySourceLocations = '{}', propertySourceProperties = '{org.springframework.boot.test.context.SpringBootTestContextBootstrapper=true}', contextCustomizers = set[org.springframework.boot.test.autoconfigure.actuate.metrics.MetricsExportContextCustomizerFactory$DisableMetricExportContextCustomizer@1cbf6e72, org.springframework.boot.test.autoconfigure.properties.PropertyMappingContextCustomizer@0, org.springframework.boot.test.autoconfigure.web.servlet.WebDriverContextCustomizerFactory$Customizer@56a4479a, org.springframework.boot.test.context.filter.ExcludeFilterContextCustomizer@4504d271, org.springframework.boot.test.json.DuplicateJsonObjectContextCustomizerFactory$DuplicateJsonObjectContextCustomizer@2b5825fa, org.springframework.boot.test.mock.mockito.MockitoContextCustomizer@0, org.springframework.boot.test.web.client.TestRestTemplateContextCustomizer@42f48531, org.springframework.boot.test.context.SpringBootTestArgs@1, org.springframework.boot.test.context.SpringBootTestWebEnvironment@3cce57c7], resourceBasePath = 'src/main/webapp', contextLoader = 'org.springframework.boot.test.context.SpringBootContextLoader', parent = [null]], attributes = map['org.springframework.test.context.web.ServletTestExecutionListener.activateListener' -> true, 'org.springframework.test.context.web.ServletTestExecutionListener.populatedRequestContextHolder' -> true, 'org.springframework.test.context.web.ServletTestExecutionListener.resetRequestContextHolder' -> true, 'org.springframework.test.context.event.ApplicationEventsTestExecutionListener.recordApplicationEvents' -> false]]
]]></system-out>
  <system-err><![CDATA[]]></system-err>
</testsuite>
